  stdafx.cpp
  WindowsProject1.cpp
c:\users\dpthf\documents\visual studio 2017\projects\windowsproject1\windowsproject1\windowsproject1.cpp(155): warning C4091: 'static ': 변수를 선언하지 않으면 'WndProc::Ball' 왼쪽은 무시됩니다.
c:\users\dpthf\documents\visual studio 2017\projects\windowsproject1\windowsproject1\windowsproject1.cpp(161): warning C4091: 'static ': 변수를 선언하지 않으면 'WndProc::obstacle' 왼쪽은 무시됩니다.
c:\users\dpthf\documents\visual studio 2017\projects\windowsproject1\windowsproject1\windowsproject1.cpp(174): warning C4244: '=': 'int'에서 'float'(으)로 변환하면서 데이터가 손실될 수 있습니다.
c:\users\dpthf\documents\visual studio 2017\projects\windowsproject1\windowsproject1\windowsproject1.cpp(175): warning C4244: '=': 'int'에서 'float'(으)로 변환하면서 데이터가 손실될 수 있습니다.
c:\users\dpthf\documents\visual studio 2017\projects\windowsproject1\windowsproject1\windowsproject1.cpp(267): warning C4244: '=': 'int'에서 'float'(으)로 변환하면서 데이터가 손실될 수 있습니다.
c:\users\dpthf\documents\visual studio 2017\projects\windowsproject1\windowsproject1\windowsproject1.cpp(268): warning C4244: '=': 'int'에서 'float'(으)로 변환하면서 데이터가 손실될 수 있습니다.
c:\users\dpthf\documents\visual studio 2017\projects\windowsproject1\windowsproject1\windowsproject1.cpp(343): warning C4244: '-=': 'double'에서 'int'(으)로 변환하면서 데이터가 손실될 수 있습니다.
c:\users\dpthf\documents\visual studio 2017\projects\windowsproject1\windowsproject1\windowsproject1.cpp(344): warning C4244: '+=': 'double'에서 'int'(으)로 변환하면서 데이터가 손실될 수 있습니다.
c:\users\dpthf\documents\visual studio 2017\projects\windowsproject1\windowsproject1\windowsproject1.cpp(348): warning C4244: '-=': 'double'에서 'int'(으)로 변환하면서 데이터가 손실될 수 있습니다.
c:\users\dpthf\documents\visual studio 2017\projects\windowsproject1\windowsproject1\windowsproject1.cpp(349): warning C4244: '+=': 'double'에서 'int'(으)로 변환하면서 데이터가 손실될 수 있습니다.
c:\users\dpthf\documents\visual studio 2017\projects\windowsproject1\windowsproject1\windowsproject1.cpp(385): warning C4244: '-=': 'double'에서 'int'(으)로 변환하면서 데이터가 손실될 수 있습니다.
c:\users\dpthf\documents\visual studio 2017\projects\windowsproject1\windowsproject1\windowsproject1.cpp(386): warning C4244: '+=': 'double'에서 'int'(으)로 변환하면서 데이터가 손실될 수 있습니다.
c:\users\dpthf\documents\visual studio 2017\projects\windowsproject1\windowsproject1\windowsproject1.cpp(390): warning C4244: '-=': 'double'에서 'int'(으)로 변환하면서 데이터가 손실될 수 있습니다.
c:\users\dpthf\documents\visual studio 2017\projects\windowsproject1\windowsproject1\windowsproject1.cpp(391): warning C4244: '+=': 'double'에서 'int'(으)로 변환하면서 데이터가 손실될 수 있습니다.
c:\users\dpthf\documents\visual studio 2017\projects\windowsproject1\windowsproject1\windowsproject1.cpp(429): warning C4244: '-=': 'double'에서 'int'(으)로 변환하면서 데이터가 손실될 수 있습니다.
c:\users\dpthf\documents\visual studio 2017\projects\windowsproject1\windowsproject1\windowsproject1.cpp(430): warning C4244: '+=': 'double'에서 'int'(으)로 변환하면서 데이터가 손실될 수 있습니다.
c:\users\dpthf\documents\visual studio 2017\projects\windowsproject1\windowsproject1\windowsproject1.cpp(434): warning C4244: '-=': 'double'에서 'int'(으)로 변환하면서 데이터가 손실될 수 있습니다.
c:\users\dpthf\documents\visual studio 2017\projects\windowsproject1\windowsproject1\windowsproject1.cpp(435): warning C4244: '+=': 'double'에서 'int'(으)로 변환하면서 데이터가 손실될 수 있습니다.
c:\users\dpthf\documents\visual studio 2017\projects\windowsproject1\windowsproject1\windowsproject1.cpp(473): warning C4244: '=': 'double'에서 'float'(으)로 변환하면서 데이터가 손실될 수 있습니다.
c:\users\dpthf\documents\visual studio 2017\projects\windowsproject1\windowsproject1\windowsproject1.cpp(479): warning C4244: '=': 'double'에서 'float'(으)로 변환하면서 데이터가 손실될 수 있습니다.
c:\users\dpthf\documents\visual studio 2017\projects\windowsproject1\windowsproject1\windowsproject1.cpp(140): warning C4101: 'hdc' :참조되지 않은 지역 변수입니다.
c:\users\dpthf\documents\visual studio 2017\projects\windowsproject1\windowsproject1\windowsproject1.cpp(141): warning C4101: 'ps' :참조되지 않은 지역 변수입니다.
  WindowsProject1.vcxproj -> C:\Users\dpthf\Documents\Visual Studio 2017\Projects\WindowsProject1\Debug\WindowsProject1.exe
